<?xml version="1.0" encoding="UTF-8"?>
<!-- Generated by org.testng.reporters.JUnitXMLReporter -->
<testsuite ignored="6" hostname="DESKTOP-6E68LNE" failures="0" tests="1" name="Default test" time="19.883" errors="0" timestamp="2025-01-25T17:07:44 EET">
  <testcase classname="codenboxautomation.mypractice" name="Switch_Tab_Example" time="4.159"/>
  <testcase classname="codenboxautomation.mypractice" name="Static_Dropdown_Example" time="0.0">
    <ignored/>
  </testcase> <!-- Static_Dropdown_Example -->
  <testcase classname="codenboxautomation.mypractice" name="Dynamic_Dropdown_Example" time="0.0">
    <ignored/>
  </testcase> <!-- Dynamic_Dropdown_Example -->
  <testcase classname="codenboxautomation.mypractice" name="Switch_Window_Example" time="0.0">
    <ignored/>
  </testcase> <!-- Switch_Window_Example -->
  <testcase classname="codenboxautomation.mypractice" name="Checkbox_Example" time="0.0">
    <ignored/>
  </testcase> <!-- Checkbox_Example -->
  <testcase classname="codenboxautomation.mypractice" name="Radio_Button_Example" time="0.0">
    <ignored/>
  </testcase> <!-- Radio_Button_Example -->
  <testcase classname="codenboxautomation.mypractice" name="SwitchToAlertExample" time="0.0">
    <ignored/>
  </testcase> <!-- SwitchToAlertExample -->
</testsuite> <!-- Default test -->
