<?xml version="1.0" encoding="UTF-8"?>
<testng-results ignored="6" total="7" passed="1" failed="0" skipped="0">
  <reporter-output>
  </reporter-output>
  <suite started-at="2025-01-25T17:07:24 EET" name="Default suite" finished-at="2025-01-25T17:07:44 EET" duration-ms="19883">
    <groups>
    </groups>
    <test started-at="2025-01-25T17:07:24 EET" name="Default test" finished-at="2025-01-25T17:07:44 EET" duration-ms="19883">
      <class name="codenboxautomation.mypractice">
        <test-method is-config="true" signature="MySetUp()[pri:0, instance:codenboxautomation.mypractice@5d9b7a8a]" started-at="2025-01-25T17:07:24 EET" name="MySetUp" finished-at="2025-01-25T17:07:39 EET" duration-ms="15693" status="PASS">
          <reporter-output>
          </reporter-output>
        </test-method> <!-- MySetUp -->
        <test-method signature="Switch_Tab_Example()[pri:6, instance:codenboxautomation.mypractice@5d9b7a8a]" started-at="2025-01-25T17:07:39 EET" name="Switch_Tab_Example" finished-at="2025-01-25T17:07:44 EET" duration-ms="4159" status="PASS">
          <reporter-output>
          </reporter-output>
        </test-method> <!-- Switch_Tab_Example -->
      </class> <!-- codenboxautomation.mypractice -->
    </test> <!-- Default test -->
  </suite> <!-- Default suite -->
</testng-results>
